[2024-11-15T09:47:45.736+0000][gc,init] CardTable entry size: 512
[2024-11-15T09:47:45.736+0000][gc     ] Using G1
[2024-11-15T09:47:45.742+0000][gc,init] Version: 21.0.4+7-LTS (release)
[2024-11-15T09:47:45.742+0000][gc,init] CPUs: 2 total, 2 available
[2024-11-15T09:47:45.742+0000][gc,init] Memory: 7929M
[2024-11-15T09:47:45.742+0000][gc,init] Large Page Support: Disabled
[2024-11-15T09:47:45.742+0000][gc,init] NUMA Support: Disabled
[2024-11-15T09:47:45.742+0000][gc,init] Compressed Oops: Enabled (32-bit)
[2024-11-15T09:47:45.742+0000][gc,init] Heap Region Size: 1M
[2024-11-15T09:47:45.742+0000][gc,init] Heap Min Capacity: 512M
[2024-11-15T09:47:45.742+0000][gc,init] Heap Initial Capacity: 512M
[2024-11-15T09:47:45.742+0000][gc,init] Heap Max Capacity: 512M
[2024-11-15T09:47:45.742+0000][gc,init] Pre-touch: Disabled
[2024-11-15T09:47:45.742+0000][gc,init] Parallel Workers: 2
[2024-11-15T09:47:45.742+0000][gc,init] Concurrent Workers: 1
[2024-11-15T09:47:45.742+0000][gc,init] Concurrent Refinement Workers: 2
[2024-11-15T09:47:45.742+0000][gc,init] Periodic GC: Disabled
[2024-11-15T09:47:45.750+0000][gc,metaspace] CDS archive(s) mapped at: [0x00007951b3000000-0x00007951b3cae000-0x00007951b3cae000), size 13295616, SharedBaseAddress: 0x00007951b3000000, ArchiveRelocationMode: 1.
[2024-11-15T09:47:45.750+0000][gc,metaspace] Compressed class space mapped at: 0x00007951b4000000-0x00007951f4000000, reserved size: 1073741824
[2024-11-15T09:47:45.750+0000][gc,metaspace] Narrow klass base: 0x00007951b3000000, Narrow klass shift: 0, Narrow klass range: 0x100000000
[2024-11-15T10:23:03.590+0000][gc,start    ] GC(0) Pause Young (Normal) (G1 Evacuation Pause)
[2024-11-15T10:23:03.590+0000][gc,task     ] GC(0) Using 2 workers of 2 for evacuation
[2024-11-15T10:23:03.596+0000][gc,phases   ] GC(0)   Pre Evacuate Collection Set: 0.1ms
[2024-11-15T10:23:03.596+0000][gc,phases   ] GC(0)   Merge Heap Roots: 0.0ms
[2024-11-15T10:23:03.596+0000][gc,phases   ] GC(0)   Evacuate Collection Set: 4.8ms
[2024-11-15T10:23:03.596+0000][gc,phases   ] GC(0)   Post Evacuate Collection Set: 0.3ms
[2024-11-15T10:23:03.596+0000][gc,phases   ] GC(0)   Other: 0.2ms
[2024-11-15T10:23:03.596+0000][gc,heap     ] GC(0) Eden regions: 25->0(21)
[2024-11-15T10:23:03.596+0000][gc,heap     ] GC(0) Survivor regions: 0->4(4)
[2024-11-15T10:23:03.596+0000][gc,heap     ] GC(0) Old regions: 2->4
[2024-11-15T10:23:03.596+0000][gc,heap     ] GC(0) Humongous regions: 0->0
[2024-11-15T10:23:03.596+0000][gc,metaspace] GC(0) Metaspace: 8801K(9024K)->8801K(9024K) NonClass: 7906K(8000K)->7906K(8000K) Class: 894K(1024K)->894K(1024K)
[2024-11-15T10:23:03.596+0000][gc          ] GC(0) Pause Young (Normal) (G1 Evacuation Pause) 26M->6M(512M) 6.019ms
[2024-11-15T10:23:03.596+0000][gc,cpu      ] GC(0) User=0.00s Sys=0.01s Real=0.00s
